Wrote profile results to rbf.py.lprof
Timer unit: 1e-06 s

Total time: 9.63292 s
File: rbf.py
Function: rbf_network at line 6

Line #      Hits         Time  Per Hit   % Time  Line Contents
==============================================================
     6                                           @profile
     7                                           def rbf_network(X, beta, theta):
     8                                           
     9         1          6.0      6.0      0.0      N = X.shape[0]
    10         1          1.0      1.0      0.0      D = X.shape[1]
    11         1          4.0      4.0      0.0      Y = np.zeros(N)
    12                                           
    13      1001        332.0      0.3      0.0      for i in range(N):
    14   1001000     339605.0      0.3      3.5          for j in range(N):
    15   1000000     299810.0      0.3      3.1              r = 0
    16   6000000    2108684.0      0.4     21.9              for d in range(D):
    17   5000000    5112693.0      1.0     53.1                  r += (X[j, d] - X[i, d]) ** 2
    18   1000000     458523.0      0.5      4.8              r = r**0.5
    19   1000000    1313261.0      1.3     13.6              Y[i] += beta[j] * exp(-(r * theta)**2)
    20                                           
    21         1          1.0      1.0      0.0      return Y

Total time: 0.050697 s
File: rbf.py
Function: rbf_scipy at line 24

Line #      Hits         Time  Per Hit   % Time  Line Contents
==============================================================
    24                                           @profile
    25                                           def rbf_scipy(X, beta):
    26                                           
    27         1          1.0      1.0      0.0      N = X.shape[0]
    28         1          0.0      0.0      0.0      D = X.shape[1]    
    29         1      42414.0  42414.0     83.7      rbf = Rbf(X[:,0], X[:,1], X[:,2], X[:,3], X[:, 4], beta)
    30                                               #Xtuple = tuple([X[:, i] for i in range(D)])
    31         1         14.0     14.0      0.0      Xtuple = tuple([X[:, i] for i in range(D)])
    32                                           
    33         1       8268.0   8268.0     16.3      return rbf(*Xtuple)

